<?xml version="1.0" encoding="UTF-8"?>
<testng-results skipped="0" failed="0" ignored="0" total="1" passed="1">
  <reporter-output>
  </reporter-output>
  <suite name="Suite" duration-ms="14659" started-at="2020-03-23T17:12:36 CDT" finished-at="2020-03-23T17:12:51 CDT">
    <groups>
    </groups>
    <test name="Test" duration-ms="14659" started-at="2020-03-23T17:12:36 CDT" finished-at="2020-03-23T17:12:51 CDT">
      <class name="XeroTest">
        <test-method status="PASS" signature="Initialize(java.lang.String)[pri:0, instance:XeroTest@4b9e13df]" name="Initialize" is-config="true" duration-ms="6922" started-at="2020-03-23T17:12:36 CDT" finished-at="2020-03-23T17:12:43 CDT">
          <params>
            <param index="0">
              <value>
                <![CDATA[chrome]]>
              </value>
            </param>
          </params>
          <reporter-output>
          </reporter-output>
        </test-method> <!-- Initialize -->
        <test-method status="PASS" signature="TC_ID01A_Navigate_To_Xero()[pri:0, instance:XeroTest@4b9e13df]" name="TC_ID01A_Navigate_To_Xero" duration-ms="6626" started-at="2020-03-23T17:12:43 CDT" description="Login to the xero website" finished-at="2020-03-23T17:12:50 CDT">
          <reporter-output>
          </reporter-output>
        </test-method> <!-- TC_ID01A_Navigate_To_Xero -->
        <test-method status="PASS" signature="CloseTest()[pri:0, instance:XeroTest@4b9e13df]" name="CloseTest" is-config="true" duration-ms="1071" started-at="2020-03-23T17:12:50 CDT" finished-at="2020-03-23T17:12:51 CDT">
          <reporter-output>
          </reporter-output>
        </test-method> <!-- CloseTest -->
      </class> <!-- XeroTest -->
    </test> <!-- Test -->
  </suite> <!-- Suite -->
</testng-results>
